<?xml version="1.0" encoding="UTF-8"?>
<!-- Generated by org.testng.reporters.JUnitReportReporter -->
<testsuite hostname="prasad" failures="0" tests="2" name="practice.AddToCartTest" time="0.017" errors="0" timestamp="2022-09-13T22:41:02 IST" skipped="0">
  <testcase classname="practice.AddToCartTest" name="addToCartTest" time="0.015"/>
  <system-out/>
  <testcase classname="practice.AddToCartTest" name="removeFromCartTest" time="0.002"/>
  <system-out/>
</testsuite> <!-- practice.AddToCartTest -->
